<?xml version="1.0" encoding="UTF-8"?>
<!-- Generated by org.testng.reporters.JUnitReportReporter -->
<testsuite hostname="Nandakishore" failures="0" tests="2" name="Runner.RunnerForStepDef1" time="4.869" errors="0" timestamp="2021-12-08T16:19:45 IST" skipped="0">
  <testcase classname="Runner.RunnerForStepDef1" name="runScenario" time="0.257"/>
  <system-out/>
  <testcase classname="Runner.RunnerForStepDef1" name="runScenario" time="4.612"/>
  <system-out/>
</testsuite> <!-- Runner.RunnerForStepDef1 -->
